
optiboot_atmega1284p.elf:     file format elf32-avr

Sections:
Idx Name          Size      VMA       LMA       File off  Algn
  0 .data         00000000  00800100  0001fdec  00000260  2**0
                  CONTENTS, ALLOC, LOAD, DATA
  1 .text         000001ec  0001fc00  0001fc00  00000074  2**1
                  CONTENTS, ALLOC, LOAD, READONLY, CODE
  2 .comment      00000011  00000000  00000000  00000260  2**0
                  CONTENTS, READONLY
  3 .version      00000002  00000000  00000000  00000271  2**0
                  CONTENTS, READONLY
  4 .debug_aranges 00000028  00000000  00000000  00000273  2**0
                  CONTENTS, READONLY, DEBUGGING
  5 .debug_info   0000042c  00000000  00000000  0000029b  2**0
                  CONTENTS, READONLY, DEBUGGING
  6 .debug_abbrev 000001cb  00000000  00000000  000006c7  2**0
                  CONTENTS, READONLY, DEBUGGING
  7 .debug_line   000001a4  00000000  00000000  00000892  2**0
                  CONTENTS, READONLY, DEBUGGING
  8 .debug_frame  00000094  00000000  00000000  00000a38  2**2
                  CONTENTS, READONLY, DEBUGGING
  9 .debug_str    00000123  00000000  00000000  00000acc  2**0
                  CONTENTS, READONLY, DEBUGGING
 10 .debug_loc    0000024d  00000000  00000000  00000bef  2**0
                  CONTENTS, READONLY, DEBUGGING
 11 .debug_ranges 00000048  00000000  00000000  00000e3c  2**0
                  CONTENTS, READONLY, DEBUGGING

Disassembly of section .text:

0001fc00 <main>:
#define rstVect (*(uint16_t*)(RAMSTART+SPM_PAGESIZE*2+4))
#define wdtVect (*(uint16_t*)(RAMSTART+SPM_PAGESIZE*2+6))
#endif

/* main program starts here */
int main(void) {
   1fc00:	1f 92       	push	r1
   1fc02:	cd b7       	in	r28, 0x3d	; 61
   1fc04:	de b7       	in	r29, 0x3e	; 62
  //  SP points to RAMEND
  //  r1 contains zero
  //
  // If not, uncomment the following instructions:
  // cli();
  asm volatile ("clr __zero_reg__");
   1fc06:	11 24       	eor	r1, r1
#ifdef __AVR_ATmega8__
  SP=RAMEND;  // This is done by hardware reset
#endif

  // Adaboot no-wait mod
  ch = MCUSR;
   1fc08:	84 b7       	in	r24, 0x34	; 52
  MCUSR = 0;
   1fc0a:	14 be       	out	0x34, r1	; 52
  if (!(ch & _BV(EXTRF))) appStart();
   1fc0c:	81 ff       	sbrs	r24, 1
   1fc0e:	e9 d0       	rcall	.+466    	; 0x1fde2 <appStart>

#if LED_START_FLASHES > 0
  // Set up Timer 1 for timeout counter
  TCCR1B = _BV(CS12) | _BV(CS10); // div 1024
   1fc10:	85 e0       	ldi	r24, 0x05	; 5
   1fc12:	80 93 81 00 	sts	0x0081, r24
  UCSRA = _BV(U2X); //Double speed mode USART
  UCSRB = _BV(RXEN) | _BV(TXEN);  // enable Rx & Tx
  UCSRC = _BV(URSEL) | _BV(UCSZ1) | _BV(UCSZ0);  // config USART; 8N1
  UBRRL = (uint8_t)( (F_CPU + BAUD_RATE * 4L) / (BAUD_RATE * 8L) - 1 );
#else
  UCSR0A = _BV(U2X0); //Double speed mode USART0
   1fc16:	82 e0       	ldi	r24, 0x02	; 2
   1fc18:	80 93 c0 00 	sts	0x00C0, r24
  UCSR0B = _BV(RXEN0) | _BV(TXEN0);
   1fc1c:	88 e1       	ldi	r24, 0x18	; 24
   1fc1e:	80 93 c1 00 	sts	0x00C1, r24
  UCSR0C = _BV(UCSZ00) | _BV(UCSZ01);
   1fc22:	86 e0       	ldi	r24, 0x06	; 6
   1fc24:	80 93 c2 00 	sts	0x00C2, r24
  UBRR0L = (uint8_t)( (F_CPU + BAUD_RATE * 4L) / (BAUD_RATE * 8L) - 1 );
   1fc28:	8b e0       	ldi	r24, 0x0B	; 11
   1fc2a:	80 93 c4 00 	sts	0x00C4, r24
#endif
#endif

  // Set up watchdog to trigger after 500ms
  watchdogConfig(WATCHDOG_1S);
   1fc2e:	8e e0       	ldi	r24, 0x0E	; 14
   1fc30:	c3 d0       	rcall	.+390    	; 0x1fdb8 <watchdogConfig>

  /* Set LED pin as output */
  LED_DDR |= _BV(LED);
   1fc32:	20 9a       	sbi	0x04, 0	; 4
   1fc34:	26 e0       	ldi	r18, 0x06	; 6
}

#if LED_START_FLASHES > 0
void flash_led(uint8_t count) {
  do {
    TCNT1 = -(F_CPU/(1024*16));
   1fc36:	8d e5       	ldi	r24, 0x5D	; 93
   1fc38:	9d ef       	ldi	r25, 0xFD	; 253
    TIFR1 = _BV(TOV1);
   1fc3a:	31 e0       	ldi	r19, 0x01	; 1
}

#if LED_START_FLASHES > 0
void flash_led(uint8_t count) {
  do {
    TCNT1 = -(F_CPU/(1024*16));
   1fc3c:	90 93 85 00 	sts	0x0085, r25
   1fc40:	80 93 84 00 	sts	0x0084, r24
    TIFR1 = _BV(TOV1);
   1fc44:	36 bb       	out	0x16, r19	; 22
    while(!(TIFR1 & _BV(TOV1)));
   1fc46:	b0 9b       	sbis	0x16, 0	; 22
   1fc48:	fe cf       	rjmp	.-4      	; 0x1fc46 <main+0x46>
#ifdef __AVR_ATmega8__
    LED_PORT ^= _BV(LED);
#else
    LED_PIN |= _BV(LED);
   1fc4a:	18 9a       	sbi	0x03, 0	; 3
}
#endif

// Watchdog functions. These are only safe with interrupts turned off.
void watchdogReset() {
  __asm__ __volatile__ (
   1fc4c:	a8 95       	wdr
   1fc4e:	21 50       	subi	r18, 0x01	; 1
    LED_PORT ^= _BV(LED);
#else
    LED_PIN |= _BV(LED);
#endif
    watchdogReset();
  } while (--count);
   1fc50:	a9 f7       	brne	.-22     	; 0x1fc3c <main+0x3c>
   1fc52:	81 2c       	mov	r8, r1
   1fc54:	91 2c       	mov	r9, r1
      ch = SPM_PAGESIZE / 2;
      do {
        uint16_t a;
        a = *bufPtr++;
        a |= (*bufPtr++) << 8;
        __boot_page_fill_short((uint16_t)(void*)addrPtr,a);
   1fc56:	ee 24       	eor	r14, r14
   1fc58:	e3 94       	inc	r14
      __boot_page_write_short((uint16_t)(void*)address);
      boot_spm_busy_wait();

#if defined(RWWSRE)
      // Reenable read access to flash
      boot_rww_enable();
   1fc5a:	91 e1       	ldi	r25, 0x11	; 17
   1fc5c:	d9 2e       	mov	r13, r25
      do *bufPtr++ = getch();
      while (--length);

      // If we are in NRWW section, page erase has to be delayed until now.
      // Todo: Take RAMPZ into account
      if (address >= NRWWSTART) __boot_page_erase_short((uint16_t)(void*)address);
   1fc5e:	23 e0       	ldi	r18, 0x03	; 3
   1fc60:	f2 2e       	mov	r15, r18
#endif

  /* Forever loop */
  for (;;) {
    /* get character from UART */
    ch = getch();
   1fc62:	9e d0       	rcall	.+316    	; 0x1fda0 <getch>

    if(ch == STK_GET_PARAMETER) {
   1fc64:	81 34       	cpi	r24, 0x41	; 65
   1fc66:	71 f4       	brne	.+28     	; 0x1fc84 <main+0x84>
      unsigned char which = getch();
   1fc68:	9b d0       	rcall	.+310    	; 0x1fda0 <getch>
      verifySpace();
   1fc6a:	89 83       	std	Y+1, r24	; 0x01
   1fc6c:	ab d0       	rcall	.+342    	; 0x1fdc4 <verifySpace>
      if (which == 0x82) {
   1fc6e:	89 81       	ldd	r24, Y+1	; 0x01
   1fc70:	82 38       	cpi	r24, 0x82	; 130
   1fc72:	09 f4       	brne	.+2      	; 0x1fc76 <main+0x76>
   1fc74:	02 c0       	rjmp	.+4      	; 0x1fc7a <main+0x7a>
	/*
	 * Send optiboot version as "minor SW version"
	 */
	putch(OPTIBOOT_MINVER);
      } else if (which == 0x81) {
   1fc76:	81 38       	cpi	r24, 0x81	; 129
   1fc78:	11 f4       	brne	.+4      	; 0x1fc7e <main+0x7e>
	  putch(OPTIBOOT_MAJVER);
   1fc7a:	84 e0       	ldi	r24, 0x04	; 4
   1fc7c:	01 c0       	rjmp	.+2      	; 0x1fc80 <main+0x80>
      } else {
	/*
	 * GET PARAMETER returns a generic 0x03 reply for
         * other parameters - enough to keep Avrdude happy
	 */
	putch(0x03);
   1fc7e:	83 e0       	ldi	r24, 0x03	; 3
   1fc80:	88 d0       	rcall	.+272    	; 0x1fd92 <putch>
   1fc82:	84 c0       	rjmp	.+264    	; 0x1fd8c <main+0x18c>
      }
    }
    else if(ch == STK_SET_DEVICE) {
   1fc84:	82 34       	cpi	r24, 0x42	; 66
   1fc86:	11 f4       	brne	.+4      	; 0x1fc8c <main+0x8c>
      // SET DEVICE is ignored
      getNch(20);
   1fc88:	84 e1       	ldi	r24, 0x14	; 20
   1fc8a:	03 c0       	rjmp	.+6      	; 0x1fc92 <main+0x92>
    }
    else if(ch == STK_SET_DEVICE_EXT) {
   1fc8c:	85 34       	cpi	r24, 0x45	; 69
   1fc8e:	19 f4       	brne	.+6      	; 0x1fc96 <main+0x96>
      // SET DEVICE EXT is ignored
      getNch(5);
   1fc90:	85 e0       	ldi	r24, 0x05	; 5
   1fc92:	a0 d0       	rcall	.+320    	; 0x1fdd4 <getNch>
   1fc94:	7b c0       	rjmp	.+246    	; 0x1fd8c <main+0x18c>
    }
    else if(ch == STK_LOAD_ADDRESS) {
   1fc96:	85 35       	cpi	r24, 0x55	; 85
   1fc98:	79 f4       	brne	.+30     	; 0x1fcb8 <main+0xb8>
      // LOAD ADDRESS
      uint16_t newAddress;
      newAddress = getch();
   1fc9a:	82 d0       	rcall	.+260    	; 0x1fda0 <getch>
   1fc9c:	18 2f       	mov	r17, r24
      newAddress = (newAddress & 0xff) | (getch() << 8);
   1fc9e:	80 d0       	rcall	.+256    	; 0x1fda0 <getch>
   1fca0:	21 2f       	mov	r18, r17
   1fca2:	30 e0       	ldi	r19, 0x00	; 0
   1fca4:	38 2b       	or	r19, r24
#ifdef RAMPZ
      // Transfer top bit to RAMPZ
      RAMPZ = (newAddress & 0x8000) ? 1 : 0;
   1fca6:	83 2f       	mov	r24, r19
   1fca8:	88 1f       	adc	r24, r24
   1fcaa:	88 27       	eor	r24, r24
   1fcac:	88 1f       	adc	r24, r24
   1fcae:	8b bf       	out	0x3b, r24	; 59
#endif
      newAddress += newAddress; // Convert from word address to byte address
   1fcb0:	49 01       	movw	r8, r18
   1fcb2:	88 0c       	add	r8, r8
   1fcb4:	99 1c       	adc	r9, r9
   1fcb6:	69 c0       	rjmp	.+210    	; 0x1fd8a <main+0x18a>
      address = newAddress;
      verifySpace();
    }
    else if(ch == STK_UNIVERSAL) {
   1fcb8:	86 35       	cpi	r24, 0x56	; 86
   1fcba:	21 f4       	brne	.+8      	; 0x1fcc4 <main+0xc4>
      // UNIVERSAL command is ignored
      getNch(4);
   1fcbc:	84 e0       	ldi	r24, 0x04	; 4
   1fcbe:	8a d0       	rcall	.+276    	; 0x1fdd4 <getNch>
      putch(0x00);
   1fcc0:	80 e0       	ldi	r24, 0x00	; 0
   1fcc2:	de cf       	rjmp	.-68     	; 0x1fc80 <main+0x80>
    }
    /* Write memory, length is big endian and is in bytes */
    else if(ch == STK_PROG_PAGE) {
   1fcc4:	84 36       	cpi	r24, 0x64	; 100
   1fcc6:	09 f0       	breq	.+2      	; 0x1fcca <main+0xca>
   1fcc8:	3b c0       	rjmp	.+118    	; 0x1fd40 <main+0x140>
      // PROGRAM PAGE - we support flash programming only, not EEPROM
      uint8_t *bufPtr;
      uint16_t addrPtr;

      getch();			/* getlen() */
   1fcca:	6a d0       	rcall	.+212    	; 0x1fda0 <getch>
      length = getch();
   1fccc:	69 d0       	rcall	.+210    	; 0x1fda0 <getch>
   1fcce:	c8 2e       	mov	r12, r24
      getch();
   1fcd0:	67 d0       	rcall	.+206    	; 0x1fda0 <getch>

      // If we are in RWW section, immediately start page erase
      if (address < NRWWSTART) __boot_page_erase_short((uint16_t)(void*)address);
   1fcd2:	81 14       	cp	r8, r1
   1fcd4:	80 ef       	ldi	r24, 0xF0	; 240
   1fcd6:	98 06       	cpc	r9, r24
   1fcd8:	18 f4       	brcc	.+6      	; 0x1fce0 <main+0xe0>
   1fcda:	f4 01       	movw	r30, r8
   1fcdc:	f7 be       	out	0x37, r15	; 55
   1fcde:	e8 95       	spm
   1fce0:	00 e0       	ldi	r16, 0x00	; 0
   1fce2:	11 e0       	ldi	r17, 0x01	; 1

      // While that is going on, read in page contents
      bufPtr = buff;
      do *bufPtr++ = getch();
   1fce4:	5d d0       	rcall	.+186    	; 0x1fda0 <getch>
   1fce6:	f8 01       	movw	r30, r16
   1fce8:	81 93       	st	Z+, r24
   1fcea:	8f 01       	movw	r16, r30
      while (--length);
   1fcec:	ce 12       	cpse	r12, r30
   1fcee:	fa cf       	rjmp	.-12     	; 0x1fce4 <main+0xe4>

      // If we are in NRWW section, page erase has to be delayed until now.
      // Todo: Take RAMPZ into account
      if (address >= NRWWSTART) __boot_page_erase_short((uint16_t)(void*)address);
   1fcf0:	81 14       	cp	r8, r1
   1fcf2:	f0 ef       	ldi	r31, 0xF0	; 240
   1fcf4:	9f 06       	cpc	r9, r31
   1fcf6:	18 f0       	brcs	.+6      	; 0x1fcfe <main+0xfe>
   1fcf8:	f4 01       	movw	r30, r8
   1fcfa:	f7 be       	out	0x37, r15	; 55
   1fcfc:	e8 95       	spm

      // Read command terminator, start reply
      verifySpace();
   1fcfe:	62 d0       	rcall	.+196    	; 0x1fdc4 <verifySpace>

      // If only a partial page is to be programmed, the erase might not be complete.
      // So check that here
      boot_spm_busy_wait();
   1fd00:	07 b6       	in	r0, 0x37	; 55
   1fd02:	00 fc       	sbrc	r0, 0
   1fd04:	fd cf       	rjmp	.-6      	; 0x1fd00 <main+0x100>
   1fd06:	f4 01       	movw	r30, r8
   1fd08:	a0 e0       	ldi	r26, 0x00	; 0
   1fd0a:	b1 e0       	ldi	r27, 0x01	; 1
      bufPtr = buff;
      addrPtr = (uint16_t)(void*)address;
      ch = SPM_PAGESIZE / 2;
      do {
        uint16_t a;
        a = *bufPtr++;
   1fd0c:	8c 91       	ld	r24, X
        a |= (*bufPtr++) << 8;
   1fd0e:	11 96       	adiw	r26, 0x01	; 1
   1fd10:	2c 91       	ld	r18, X
   1fd12:	11 97       	sbiw	r26, 0x01	; 1
   1fd14:	90 e0       	ldi	r25, 0x00	; 0
   1fd16:	92 2b       	or	r25, r18
#define rstVect (*(uint16_t*)(RAMSTART+SPM_PAGESIZE*2+4))
#define wdtVect (*(uint16_t*)(RAMSTART+SPM_PAGESIZE*2+6))
#endif

/* main program starts here */
int main(void) {
   1fd18:	12 96       	adiw	r26, 0x02	; 2
      ch = SPM_PAGESIZE / 2;
      do {
        uint16_t a;
        a = *bufPtr++;
        a |= (*bufPtr++) << 8;
        __boot_page_fill_short((uint16_t)(void*)addrPtr,a);
   1fd1a:	0c 01       	movw	r0, r24
   1fd1c:	e7 be       	out	0x37, r14	; 55
   1fd1e:	e8 95       	spm
   1fd20:	11 24       	eor	r1, r1
        addrPtr += 2;
   1fd22:	32 96       	adiw	r30, 0x02	; 2
      } while (--ch);
   1fd24:	a1 15       	cp	r26, r1
   1fd26:	82 e0       	ldi	r24, 0x02	; 2
   1fd28:	b8 07       	cpc	r27, r24
   1fd2a:	81 f7       	brne	.-32     	; 0x1fd0c <main+0x10c>

      // Write from programming buffer
      __boot_page_write_short((uint16_t)(void*)address);
   1fd2c:	85 e0       	ldi	r24, 0x05	; 5
   1fd2e:	f4 01       	movw	r30, r8
   1fd30:	87 bf       	out	0x37, r24	; 55
   1fd32:	e8 95       	spm
      boot_spm_busy_wait();
   1fd34:	07 b6       	in	r0, 0x37	; 55
   1fd36:	00 fc       	sbrc	r0, 0
   1fd38:	fd cf       	rjmp	.-6      	; 0x1fd34 <main+0x134>

#if defined(RWWSRE)
      // Reenable read access to flash
      boot_rww_enable();
   1fd3a:	d7 be       	out	0x37, r13	; 55
   1fd3c:	e8 95       	spm
   1fd3e:	26 c0       	rjmp	.+76     	; 0x1fd8c <main+0x18c>
#endif

    }
    /* Read memory block mode, length is big endian.  */
    else if(ch == STK_READ_PAGE) {
   1fd40:	84 37       	cpi	r24, 0x74	; 116
   1fd42:	b1 f4       	brne	.+44     	; 0x1fd70 <main+0x170>
      // READ PAGE - we only read flash
      getch();			/* getlen() */
   1fd44:	2d d0       	rcall	.+90     	; 0x1fda0 <getch>
      length = getch();
   1fd46:	2c d0       	rcall	.+88     	; 0x1fda0 <getch>
   1fd48:	c8 2e       	mov	r12, r24
      getch();
   1fd4a:	2a d0       	rcall	.+84     	; 0x1fda0 <getch>

      verifySpace();
   1fd4c:	3b d0       	rcall	.+118    	; 0x1fdc4 <verifySpace>
   1fd4e:	84 01       	movw	r16, r8
#define rstVect (*(uint16_t*)(RAMSTART+SPM_PAGESIZE*2+4))
#define wdtVect (*(uint16_t*)(RAMSTART+SPM_PAGESIZE*2+6))
#endif

/* main program starts here */
int main(void) {
   1fd50:	b8 2c       	mov	r11, r8
   1fd52:	bc 0c       	add	r11, r12
// Since RAMPZ should already be set, we need to use EPLM directly.
//      do putch(pgm_read_byte_near(address++));
//      while (--length);
      do {
        uint8_t result;
        __asm__ ("elpm %0,Z\n":"=r"(result):"z"(address));
   1fd54:	f8 01       	movw	r30, r16
   1fd56:	86 91       	elpm	r24, Z
        putch(result);
   1fd58:	1c d0       	rcall	.+56     	; 0x1fd92 <putch>
        address++;
   1fd5a:	0f 5f       	subi	r16, 0xFF	; 255
   1fd5c:	1f 4f       	sbci	r17, 0xFF	; 255
      }
      while (--length);
   1fd5e:	b0 12       	cpse	r11, r16
   1fd60:	f9 cf       	rjmp	.-14     	; 0x1fd54 <main+0x154>
#define rstVect (*(uint16_t*)(RAMSTART+SPM_PAGESIZE*2+4))
#define wdtVect (*(uint16_t*)(RAMSTART+SPM_PAGESIZE*2+6))
#endif

/* main program starts here */
int main(void) {
   1fd62:	ff ef       	ldi	r31, 0xFF	; 255
   1fd64:	8f 1a       	sub	r8, r31
   1fd66:	9f 0a       	sbc	r9, r31
   1fd68:	ca 94       	dec	r12
   1fd6a:	8c 0c       	add	r8, r12
   1fd6c:	91 1c       	adc	r9, r1
   1fd6e:	0e c0       	rjmp	.+28     	; 0x1fd8c <main+0x18c>
#endif
#endif
    }

    /* Get device signature bytes  */
    else if(ch == STK_READ_SIGN) {
   1fd70:	85 37       	cpi	r24, 0x75	; 117
   1fd72:	39 f4       	brne	.+14     	; 0x1fd82 <main+0x182>
      // READ SIGN - return what Avrdude wants to hear
      verifySpace();
   1fd74:	27 d0       	rcall	.+78     	; 0x1fdc4 <verifySpace>
      putch(SIGNATURE_0);
   1fd76:	8e e1       	ldi	r24, 0x1E	; 30
   1fd78:	0c d0       	rcall	.+24     	; 0x1fd92 <putch>
      putch(SIGNATURE_1);
   1fd7a:	87 e9       	ldi	r24, 0x97	; 151
   1fd7c:	0a d0       	rcall	.+20     	; 0x1fd92 <putch>
      putch(SIGNATURE_2);
   1fd7e:	85 e0       	ldi	r24, 0x05	; 5
   1fd80:	7f cf       	rjmp	.-258    	; 0x1fc80 <main+0x80>
    }
    else if (ch == 'Q') {
   1fd82:	81 35       	cpi	r24, 0x51	; 81
   1fd84:	11 f4       	brne	.+4      	; 0x1fd8a <main+0x18a>
      // Adaboot no-wait mod
      watchdogConfig(WATCHDOG_16MS);
   1fd86:	88 e0       	ldi	r24, 0x08	; 8
   1fd88:	17 d0       	rcall	.+46     	; 0x1fdb8 <watchdogConfig>
      verifySpace();
    }
    else {
      // This covers the response to commands like STK_ENTER_PROGMODE
      verifySpace();
   1fd8a:	1c d0       	rcall	.+56     	; 0x1fdc4 <verifySpace>
    }
    putch(STK_OK);
   1fd8c:	80 e1       	ldi	r24, 0x10	; 16
   1fd8e:	01 d0       	rcall	.+2      	; 0x1fd92 <putch>
  }
   1fd90:	68 cf       	rjmp	.-304    	; 0x1fc62 <main+0x62>

0001fd92 <putch>:
}

void putch(char ch) {
#ifndef SOFT_UART
  while (!(UCSR0A & _BV(UDRE0)));
   1fd92:	90 91 c0 00 	lds	r25, 0x00C0
   1fd96:	95 ff       	sbrs	r25, 5
   1fd98:	fc cf       	rjmp	.-8      	; 0x1fd92 <putch>
  UDR0 = ch;
   1fd9a:	80 93 c6 00 	sts	0x00C6, r24
   1fd9e:	08 95       	ret

0001fda0 <getch>:
      [uartBit] "I" (UART_RX_BIT)
    :
      "r25"
);
#else
  while(!(UCSR0A & _BV(RXC0)))
   1fda0:	80 91 c0 00 	lds	r24, 0x00C0
   1fda4:	87 ff       	sbrs	r24, 7
   1fda6:	fc cf       	rjmp	.-8      	; 0x1fda0 <getch>
    ;
  if (!(UCSR0A & _BV(FE0))) {
   1fda8:	80 91 c0 00 	lds	r24, 0x00C0
   1fdac:	84 fd       	sbrc	r24, 4
   1fdae:	01 c0       	rjmp	.+2      	; 0x1fdb2 <getch+0x12>
}
#endif

// Watchdog functions. These are only safe with interrupts turned off.
void watchdogReset() {
  __asm__ __volatile__ (
   1fdb0:	a8 95       	wdr
       * don't care that an invalid char is returned...)
       */
    watchdogReset();
  }
  
  ch = UDR0;
   1fdb2:	80 91 c6 00 	lds	r24, 0x00C6
  LED_PIN |= _BV(LED);
#endif
#endif

  return ch;
}
   1fdb6:	08 95       	ret

0001fdb8 <watchdogConfig>:
    "wdr\n"
  );
}

void watchdogConfig(uint8_t x) {
  WDTCSR = _BV(WDCE) | _BV(WDE);
   1fdb8:	e0 e6       	ldi	r30, 0x60	; 96
   1fdba:	f0 e0       	ldi	r31, 0x00	; 0
   1fdbc:	98 e1       	ldi	r25, 0x18	; 24
   1fdbe:	90 83       	st	Z, r25
  WDTCSR = x;
   1fdc0:	80 83       	st	Z, r24
   1fdc2:	08 95       	ret

0001fdc4 <verifySpace>:
  do getch(); while (--count);
  verifySpace();
}

void verifySpace() {
  if (getch() != CRC_EOP) {
   1fdc4:	ed df       	rcall	.-38     	; 0x1fda0 <getch>
   1fdc6:	80 32       	cpi	r24, 0x20	; 32
   1fdc8:	19 f0       	breq	.+6      	; 0x1fdd0 <verifySpace+0xc>
    watchdogConfig(WATCHDOG_16MS);    // shorten WD timeout
   1fdca:	88 e0       	ldi	r24, 0x08	; 8
   1fdcc:	f5 df       	rcall	.-22     	; 0x1fdb8 <watchdogConfig>
   1fdce:	ff cf       	rjmp	.-2      	; 0x1fdce <verifySpace+0xa>
    while (1)			      // and busy-loop so that WD causes
      ;				      //  a reset and app start.
  }
  putch(STK_INSYNC);
   1fdd0:	84 e1       	ldi	r24, 0x14	; 20
   1fdd2:	df cf       	rjmp	.-66     	; 0x1fd92 <putch>

0001fdd4 <getNch>:
    ::[count] "M" (UART_B_VALUE)
  );
}
#endif

void getNch(uint8_t count) {
   1fdd4:	cf 93       	push	r28
   1fdd6:	c8 2f       	mov	r28, r24
  do getch(); while (--count);
   1fdd8:	e3 df       	rcall	.-58     	; 0x1fda0 <getch>
   1fdda:	c1 50       	subi	r28, 0x01	; 1
   1fddc:	e9 f7       	brne	.-6      	; 0x1fdd8 <getNch+0x4>
  verifySpace();
}
   1fdde:	cf 91       	pop	r28
}
#endif

void getNch(uint8_t count) {
  do getch(); while (--count);
  verifySpace();
   1fde0:	f1 cf       	rjmp	.-30     	; 0x1fdc4 <verifySpace>

0001fde2 <appStart>:
  WDTCSR = _BV(WDCE) | _BV(WDE);
  WDTCSR = x;
}

void appStart() {
  watchdogConfig(WATCHDOG_OFF);
   1fde2:	80 e0       	ldi	r24, 0x00	; 0
   1fde4:	e9 df       	rcall	.-46     	; 0x1fdb8 <watchdogConfig>
  __asm__ __volatile__ (
   1fde6:	ee 27       	eor	r30, r30
   1fde8:	ff 27       	eor	r31, r31
   1fdea:	09 94       	ijmp
